[   0.002][v][cplayer] mpv v0.40.0-185-gbd2118026 Copyright © 2000-2025 mpv/MPlayer/mplayer2 projects
[   0.003][v][cplayer]  built on Jul 13 2025 00:05:18
[   0.003][v][cplayer] libplacebo version: v7.351.0 (v7.351.0-dirty)
[   0.003][v][cplayer] FFmpeg version: N-120255-g35a6de137
[   0.003][v][cplayer] FFmpeg library versions:
[   0.003][v][cplayer]    libavcodec      62.6.100
[   0.003][v][cplayer]    libavdevice     62.0.100
[   0.003][v][cplayer]    libavfilter     11.1.101
[   0.003][v][cplayer]    libavformat     62.1.103
[   0.003][v][cplayer]    libavutil       60.4.101
[   0.003][v][cplayer]    libswresample   6.0.100
[   0.003][v][cplayer]    libswscale      9.0.100
[   0.003][v][cplayer] Configuration: -Ddebug=true -Db_ndebug=true -Doptimization=3 -Db_lto=true -Db_lto_mode=thin -Dlibmpv=true -Dpdf-build=enabled -Dlua=enabled -Djavascript=enabled -Dsdl2=enabled -Dlibarchive=enabled -Dlibbluray=enabled -Ddvdnav=enabled -Duchardet=enabled -Drubberband=enabled -Dlcms2=enabled -Dopenal=enabled -Dspirv-cross=enabled -Dvulkan=enabled -Dvapoursynth=enabled -Dgl=enabled -Degl-angle=enabled -Dc_args=-Wno-error=int-conversion -Dprefix=/__w/mpv-winbuild-cmake/mpv-winbuild-cmake/build_x86_64/x86_64-w64-mingw32 -Dlibdir=/__w/mpv-winbuild-cmake/mpv-winbuild-cmake/build_x86_64/x86_64-w64-mingw32/lib -Ddefault_library=shared -Dprefer_static=True --cross-file=/__w/mpv-winbuild-cmake/mpv-winbuild-cmake/build_x86_64/meson_cross.txt
[   0.003][v][cplayer] List of enabled features: build-date cplugins cuda-hwaccel cuda-interop d3d-hwaccel d3d11 d3d9-hwaccel debug direct3d dos-paths dvdnav dxgi-debug-d3d11 egl-angle egl-angle-win32 ffmpeg ffnvcodec gl gl-dxinterop gl-dxinterop-d3d9 gl-win32 glob glob-win32 gpl iconv javascript jpeg lcms2 libarchive libass libavdevice libbluray libplacebo luajit openal rubberband rubberband-3 sdl2 sdl2-audio sdl2-gamepad sdl2-video shaderc spirv-cross uchardet vaapi vaapi-win32 vapoursynth vector vulkan wasapi win32 win32-desktop win32-executable win32-smtc win32-threads zimg zimg-st428 zlib
[   0.003][v][cplayer] Built with NDEBUG.
[   0.003][v][cplayer] Command line options: '--no-video' '--loop' '--volume=70' '--msg-level=all=debug' '--log-file=mpv_debug.log' '--input-ipc-server=\\.\pipe\mpv-pipe' 'https://www.youtube.com/watch?v=jfKfPfyJRdk'
[   0.003][v][cplayer] mpv v0.40.0-185-gbd2118026 Copyright © 2000-2025 mpv/MPlayer/mplayer2 projects
[   0.003][v][cplayer]  built on Jul 13 2025 00:05:18
[   0.003][v][cplayer] libplacebo version: v7.351.0 (v7.351.0-dirty)
[   0.003][v][cplayer] FFmpeg version: N-120255-g35a6de137
[   0.003][v][cplayer] FFmpeg library versions:
[   0.003][v][cplayer]    libavcodec      62.6.100
[   0.003][v][cplayer]    libavdevice     62.0.100
[   0.003][v][cplayer]    libavfilter     11.1.101
[   0.003][v][cplayer]    libavformat     62.1.103
[   0.003][v][cplayer]    libavutil       60.4.101
[   0.003][v][cplayer]    libswresample   6.0.100
[   0.003][v][cplayer]    libswscale      9.0.100
[   0.003][v][cplayer] Configuration: -Ddebug=true -Db_ndebug=true -Doptimization=3 -Db_lto=true -Db_lto_mode=thin -Dlibmpv=true -Dpdf-build=enabled -Dlua=enabled -Djavascript=enabled -Dsdl2=enabled -Dlibarchive=enabled -Dlibbluray=enabled -Ddvdnav=enabled -Duchardet=enabled -Drubberband=enabled -Dlcms2=enabled -Dopenal=enabled -Dspirv-cross=enabled -Dvulkan=enabled -Dvapoursynth=enabled -Dgl=enabled -Degl-angle=enabled -Dc_args=-Wno-error=int-conversion -Dprefix=/__w/mpv-winbuild-cmake/mpv-winbuild-cmake/build_x86_64/x86_64-w64-mingw32 -Dlibdir=/__w/mpv-winbuild-cmake/mpv-winbuild-cmake/build_x86_64/x86_64-w64-mingw32/lib -Ddefault_library=shared -Dprefer_static=True --cross-file=/__w/mpv-winbuild-cmake/mpv-winbuild-cmake/build_x86_64/meson_cross.txt
[   0.003][v][cplayer] List of enabled features: build-date cplugins cuda-hwaccel cuda-interop d3d-hwaccel d3d11 d3d9-hwaccel debug direct3d dos-paths dvdnav dxgi-debug-d3d11 egl-angle egl-angle-win32 ffmpeg ffnvcodec gl gl-dxinterop gl-dxinterop-d3d9 gl-win32 glob glob-win32 gpl iconv javascript jpeg lcms2 libarchive libass libavdevice libbluray libplacebo luajit openal rubberband rubberband-3 sdl2 sdl2-audio sdl2-gamepad sdl2-video shaderc spirv-cross uchardet vaapi vaapi-win32 vapoursynth vector vulkan wasapi win32 win32-desktop win32-executable win32-smtc win32-threads zimg zimg-st428 zlib
[   0.003][v][cplayer] Built with NDEBUG.
[   0.006][d][global] home path: '' -> 'C:\Users\PabloRaúlPeñaMarín\AppData\Roaming/mpv'
[   0.007][d][global] user path: '~~home/' -> 'C:\Users\PabloRaúlPeñaMarín\AppData\Roaming/mpv'
[   0.007][d][global] user path: '~~old_home/' -> ''
[   0.007][d][global] config path: 'encoding-profiles.conf' -/-> 'C:\Users\PabloRaúlPeñaMarín\AppData\Roaming/mpv/encoding-profiles.conf'
[   0.007][d][global] config path: 'encoding-profiles.conf' -/-> 'C:/Users/PabloRaúlPeñaMarín/Documents/mpv-pp/encoding-profiles.conf'
[   0.007][d][global] config path: 'encoding-profiles.conf' -/-> 'C:/Users/PabloRaúlPeñaMarín/Documents/mpv-pp/mpv/encoding-profiles.conf'
[   0.007][d][global] config path: 'mpv.conf' -> 'C:\Users\PabloRaúlPeñaMarín\AppData\Roaming/mpv/mpv.conf'
[   0.007][d][global] config path: 'config' -/-> 'C:\Users\PabloRaúlPeñaMarín\AppData\Roaming/mpv/config'
[   0.007][d][global] config path: 'mpv.conf' -/-> 'C:/Users/PabloRaúlPeñaMarín/Documents/mpv-pp/mpv.conf'
[   0.007][d][global] config path: 'config' -/-> 'C:/Users/PabloRaúlPeñaMarín/Documents/mpv-pp/config'
[   0.007][d][global] config path: 'mpv.conf' -/-> 'C:/Users/PabloRaúlPeñaMarín/Documents/mpv-pp/mpv/mpv.conf'
[   0.007][d][global] config path: 'config' -/-> 'C:/Users/PabloRaúlPeñaMarín/Documents/mpv-pp/mpv/config'
[   0.007][v][cplayer] Reading config file C:\Users\PabloRaúlPeñaMarín\AppData\Roaming/mpv/mpv.conf
[   0.007][v][ifo_dvdnav] Opening C:\Users\PabloRaúlPeñaMarín\AppData\Roaming/mpv/mpv.conf
[   0.007][v][bdmv/bluray] Opening C:\Users\PabloRaúlPeñaMarín\AppData\Roaming/mpv/mpv.conf
[   0.007][v][file] Opening C:\Users\PabloRaúlPeñaMarín\AppData\Roaming/mpv/mpv.conf
[   0.007][d][file] resize stream to 131072 bytes, drop 0 bytes
[   0.007][d][file] Stream opened successfully.
[   0.007][v][cplayer] Applying profile 'default'...
[   0.007][v][cplayer] Setting option 'script-opts' = 'ytdl_hook-ytdl_path="C:/Users/PabloRaúlPeñaMarín/Documents/Code/lofi-focus-app/venv/Scripts/yt-dlp.exe"' (flags = 4)
[   0.007][v][cplayer] Setting option 'video' = 'no' (flags = 8)
[   0.007][v][cplayer] Setting option 'loop' = '' (flags = 8)
[   0.007][v][cplayer] Setting option 'volume' = '70' (flags = 8)
[   0.007][v][cplayer] Setting option 'msg-level' = 'all=debug' (flags = 8)
[   0.007][v][cplayer] Setting option 'log-file' = 'mpv_debug.log' (flags = 8)
[   0.008][v][cplayer] Setting option 'input-ipc-server' = '\\.\pipe\mpv-pipe' (flags = 8)
[   0.010][d][global] config path: 'input.conf' -/-> 'C:\Users\PabloRaúlPeñaMarín\AppData\Roaming/mpv/input.conf'
[   0.010][d][global] config path: 'input.conf' -/-> 'C:/Users/PabloRaúlPeñaMarín/Documents/mpv-pp/input.conf'
[   0.010][d][global] config path: 'input.conf' -/-> 'C:/Users/PabloRaúlPeñaMarín/Documents/mpv-pp/mpv/input.conf'
[   0.010][d][osc] Loading lua script @osc.lua...
[   0.010][d][ytdl_hook] Loading lua script @ytdl_hook.lua...
[   0.010][d][stats] Loading lua script @stats.lua...
[   0.010][d][console] Loading lua script @console.lua...
[   0.010][d][auto_profiles] Loading lua script @auto_profiles.lua...
[   0.010][d][select] Loading lua script @select.lua...
[   0.010][d][positioning] Loading lua script @positioning.lua...
[   0.010][d][commands] Loading lua script @commands.lua...
[   0.010][v][clipboard] Initialized win32 clipboard backend.
[   0.011][d][global] config path: 'scripts' -/-> 'C:\Users\PabloRaúlPeñaMarín\AppData\Roaming/mpv/scripts'
[   0.011][d][global] config path: 'scripts' -/-> 'C:/Users/PabloRaúlPeñaMarín/Documents/mpv-pp/scripts'
[   0.011][d][global] config path: 'scripts' -/-> 'C:/Users/PabloRaúlPeñaMarín/Documents/mpv-pp/mpv/scripts'
[   0.011][v][cplayer] Waiting for scripts...
[   0.014][d][console] loading mp.defaults
[   0.014][d][ytdl_hook] loading mp.defaults
[   0.014][v][ipc] Starting IPC master
[   0.014][d][stats] loading mp.defaults
[   0.014][d][ytdl_hook] loading @ytdl_hook.lua
[   0.014][d][console] loading @console.lua
[   0.014][d][stats] loading @stats.lua
[   0.014][v][ipc] Listening to IPC pipe.
[   0.014][d][ytdl_hook] reading options for ytdl_hook
[   0.014][d][global] config path: 'script-opts/ytdl_hook.conf' -/-> 'C:\Users\PabloRaúlPeñaMarín\AppData\Roaming/mpv/script-opts/ytdl_hook.conf'
[   0.014][d][global] config path: 'script-opts/ytdl_hook.conf' -/-> 'C:/Users/PabloRaúlPeñaMarín/Documents/mpv-pp/script-opts/ytdl_hook.conf'
[   0.014][d][global] config path: 'script-opts/ytdl_hook.conf' -/-> 'C:/Users/PabloRaúlPeñaMarín/Documents/mpv-pp/mpv/script-opts/ytdl_hook.conf'
[   0.014][d][ytdl_hook] script-opts/ytdl_hook.conf not found.
[   0.014][d][global] config path: 'lua-settings/ytdl_hook.conf' -/-> 'C:\Users\PabloRaúlPeñaMarín\AppData\Roaming/mpv/lua-settings/ytdl_hook.conf'
[   0.014][d][global] config path: 'lua-settings/ytdl_hook.conf' -/-> 'C:/Users/PabloRaúlPeñaMarín/Documents/mpv-pp/lua-settings/ytdl_hook.conf'
[   0.014][d][global] config path: 'lua-settings/ytdl_hook.conf' -/-> 'C:/Users/PabloRaúlPeñaMarín/Documents/mpv-pp/mpv/lua-settings/ytdl_hook.conf'
[   0.014][d][ytdl_hook] lua-settings/ytdl_hook.conf not found.
[   0.014][d][osc] loading mp.defaults
[   0.014][d][commands] loading mp.defaults
[   0.014][d][auto_profiles] loading mp.defaults
[   0.014][d][osc] loading @osc.lua
[   0.014][d][commands] loading @commands.lua
[   0.015][d][auto_profiles] loading @auto_profiles.lua
[   0.015][d][select] loading mp.defaults
[   0.015][d][commands] reading options for commands
[   0.016][d][select] loading @select.lua
[   0.016][d][console] reading options for console
[   0.016][d][global] config path: 'script-opts/commands.conf' -/-> 'C:\Users\PabloRaúlPeñaMarín\AppData\Roaming/mpv/script-opts/commands.conf'
[   0.016][d][stats] reading options for stats
[   0.016][d][global] config path: 'script-opts/commands.conf' -/-> 'C:/Users/PabloRaúlPeñaMarín/Documents/mpv-pp/script-opts/commands.conf'
[   0.016][d][global] config path: 'script-opts/commands.conf' -/-> 'C:/Users/PabloRaúlPeñaMarín/Documents/mpv-pp/mpv/script-opts/commands.conf'
[   0.016][d][commands] script-opts/commands.conf not found.
[   0.016][d][select] reading options for select
[   0.016][d][global] config path: 'script-opts/console.conf' -/-> 'C:\Users\PabloRaúlPeñaMarín\AppData\Roaming/mpv/script-opts/console.conf'
[   0.016][d][positioning] loading mp.defaults
[   0.017][d][global] config path: 'lua-settings/commands.conf' -/-> 'C:\Users\PabloRaúlPeñaMarín\AppData\Roaming/mpv/lua-settings/commands.conf'
[   0.017][d][global] config path: 'script-opts/console.conf' -/-> 'C:/Users/PabloRaúlPeñaMarín/Documents/mpv-pp/script-opts/console.conf'
[   0.017][d][auto_profiles] Destroying client handle...
[   0.017][d][global] config path: 'lua-settings/commands.conf' -/-> 'C:/Users/PabloRaúlPeñaMarín/Documents/mpv-pp/lua-settings/commands.conf'
[   0.017][d][global] config path: 'script-opts/console.conf' -/-> 'C:/Users/PabloRaúlPeñaMarín/Documents/mpv-pp/mpv/script-opts/console.conf'
[   0.017][d][console] script-opts/console.conf not found.
[   0.017][d][global] config path: 'lua-settings/commands.conf' -/-> 'C:/Users/PabloRaúlPeñaMarín/Documents/mpv-pp/mpv/lua-settings/commands.conf'
[   0.018][d][commands] lua-settings/commands.conf not found.
[   0.018][d][cplayer] Run command: define-section, flags=64, args=[name="input_commands", contents="", flags="default"]
[   0.018][d][cplayer] Run command: enable-section, flags=64, args=[name="input_commands", flags="allow-hide-cursor+allow-vo-dragging"]
[   0.018][d][cplayer] Run command: define-section, flags=64, args=[name="input_forced_commands", contents="", flags="force"]
[   0.018][d][cplayer] Run command: enable-section, flags=64, args=[name="input_forced_commands", flags="allow-hide-cursor+allow-vo-dragging"]
[   0.018][d][global] config path: 'script-opts/select.conf' -/-> 'C:\Users\PabloRaúlPeñaMarín\AppData\Roaming/mpv/script-opts/select.conf'
[   0.018][d][global] config path: 'script-opts/select.conf' -/-> 'C:/Users/PabloRaúlPeñaMarín/Documents/mpv-pp/script-opts/select.conf'
[   0.018][d][global] config path: 'script-opts/select.conf' -/-> 'C:/Users/PabloRaúlPeñaMarín/Documents/mpv-pp/mpv/script-opts/select.conf'
[   0.018][d][select] script-opts/select.conf not found.
[   0.018][d][positioning] loading @positioning.lua
[   0.018][d][global] config path: 'lua-settings/console.conf' -/-> 'C:\Users\PabloRaúlPeñaMarín\AppData\Roaming/mpv/lua-settings/console.conf'
[   0.018][d][global] config path: 'lua-settings/console.conf' -/-> 'C:/Users/PabloRaúlPeñaMarín/Documents/mpv-pp/lua-settings/console.conf'
[   0.018][d][global] config path: 'lua-settings/select.conf' -/-> 'C:\Users\PabloRaúlPeñaMarín\AppData\Roaming/mpv/lua-settings/select.conf'
[   0.018][d][global] config path: 'lua-settings/select.conf' -/-> 'C:/Users/PabloRaúlPeñaMarín/Documents/mpv-pp/lua-settings/select.conf'
[   0.018][d][positioning] reading options for positioning
[   0.018][d][global] config path: 'lua-settings/console.conf' -/-> 'C:/Users/PabloRaúlPeñaMarín/Documents/mpv-pp/mpv/lua-settings/console.conf'
[   0.018][d][console] lua-settings/console.conf not found.
[   0.018][d][global] config path: 'lua-settings/select.conf' -/-> 'C:/Users/PabloRaúlPeñaMarín/Documents/mpv-pp/mpv/lua-settings/select.conf'
[   0.018][d][select] lua-settings/select.conf not found.
[   0.018][d][cplayer] Run command: define-section, flags=64, args=[name="input_select", contents="", flags="default"]
[   0.018][d][cplayer] Run command: enable-section, flags=64, args=[name="input_select", flags="allow-hide-cursor+allow-vo-dragging"]
[   0.018][d][cplayer] Run command: define-section, flags=64, args=[name="input_forced_select", contents="", flags="force"]
[   0.018][d][cplayer] Run command: enable-section, flags=64, args=[name="input_forced_select", flags="allow-hide-cursor+allow-vo-dragging"]
[   0.018][d][cplayer] Run command: define-section, flags=64, args=[name="input_console", contents="", flags="default"]
[   0.018][d][global] config path: 'script-opts/positioning.conf' -/-> 'C:\Users\PabloRaúlPeñaMarín\AppData\Roaming/mpv/script-opts/positioning.conf'
[   0.018][d][cplayer] Run command: enable-section, flags=64, args=[name="input_console", flags="allow-hide-cursor+allow-vo-dragging"]
[   0.018][d][cplayer] Run command: define-section, flags=64, args=[name="input_forced_console", contents="", flags="force"]
[   0.018][d][cplayer] Run command: enable-section, flags=64, args=[name="input_forced_console", flags="allow-hide-cursor+allow-vo-dragging"]
[   0.018][d][global] config path: 'script-opts/positioning.conf' -/-> 'C:/Users/PabloRaúlPeñaMarín/Documents/mpv-pp/script-opts/positioning.conf'
[   0.018][d][global] config path: 'script-opts/positioning.conf' -/-> 'C:/Users/PabloRaúlPeñaMarín/Documents/mpv-pp/mpv/script-opts/positioning.conf'
[   0.018][d][positioning] script-opts/positioning.conf not found.
[   0.020][d][global] config path: 'lua-settings/positioning.conf' -/-> 'C:\Users\PabloRaúlPeñaMarín\AppData\Roaming/mpv/lua-settings/positioning.conf'
[   0.020][d][global] config path: 'lua-settings/positioning.conf' -/-> 'C:/Users/PabloRaúlPeñaMarín/Documents/mpv-pp/lua-settings/positioning.conf'
[   0.020][d][global] config path: 'lua-settings/positioning.conf' -/-> 'C:/Users/PabloRaúlPeñaMarín/Documents/mpv-pp/mpv/lua-settings/positioning.conf'
[   0.020][d][positioning] lua-settings/positioning.conf not found.
[   0.020][d][global] config path: 'script-opts/stats.conf' -/-> 'C:\Users\PabloRaúlPeñaMarín\AppData\Roaming/mpv/script-opts/stats.conf'
[   0.020][d][global] config path: 'script-opts/stats.conf' -/-> 'C:/Users/PabloRaúlPeñaMarín/Documents/mpv-pp/script-opts/stats.conf'
[   0.020][d][cplayer] Run command: define-section, flags=64, args=[name="showhide", contents="mouse_move script-binding osc/__keybinding1\nmouse_leave script-binding osc/__keybinding2\n", flags="force"]
[   0.020][d][global] config path: 'script-opts/stats.conf' -/-> 'C:/Users/PabloRaúlPeñaMarín/Documents/mpv-pp/mpv/script-opts/stats.conf'
[   0.020][d][stats] script-opts/stats.conf not found.
[   0.020][d][cplayer] Run command: define-section, flags=64, args=[name="showhide_wc", contents="mouse_move script-binding osc/__keybinding3\nmouse_leave script-binding osc/__keybinding4\n", flags="force"]
[   0.020][d][cplayer] Run command: enable-section, flags=64, args=[name="showhide", flags="allow-hide-cursor+allow-vo-dragging"]
[   0.020][d][cplayer] Run command: enable-section, flags=64, args=[name="showhide_wc", flags="allow-hide-cursor+allow-vo-dragging"]
[   0.020][d][cplayer] Run command: define-section, flags=64, args=[name="input_positioning", contents="", flags="default"]
[   0.020][d][cplayer] Run command: enable-section, flags=64, args=[name="input_positioning", flags="allow-hide-cursor+allow-vo-dragging"]
[   0.020][d][cplayer] Run command: define-section, flags=64, args=[name="input", contents="mbtn_left script-binding osc/__keybinding5\nmbtn_mid script-binding osc/__keybinding6\nmbtn_right script-binding osc/__keybinding7\nshift+mbtn_left script-binding osc/__keybinding8\nwheel_up script-binding osc/__keybinding9\nwheel_down script-binding osc/__keybinding10\nmbtn_left_dbl ignore\nshift+mbtn_left_dbl ignore\nmbtn_right_dbl ignore\n", flags="force"]
[   0.020][d][cplayer] Run command: enable-section, flags=64, args=[name="input", flags=""]
[   0.020][d][cplayer] Run command: define-section, flags=64, args=[name="input_forced_positioning", contents="", flags="force"]
[   0.020][d][cplayer] Run command: define-section, flags=64, args=[name="window-controls", contents="mbtn_left script-binding osc/__keybinding11\n", flags="force"]
[   0.020][d][cplayer] Run command: enable-section, flags=64, args=[name="window-controls", flags=""]
[   0.020][d][global] config path: 'lua-settings/stats.conf' -/-> 'C:\Users\PabloRaúlPeñaMarín\AppData\Roaming/mpv/lua-settings/stats.conf'
[   0.020][d][global] config path: 'lua-settings/stats.conf' -/-> 'C:/Users/PabloRaúlPeñaMarín/Documents/mpv-pp/lua-settings/stats.conf'
[   0.020][d][global] config path: 'lua-settings/stats.conf' -/-> 'C:/Users/PabloRaúlPeñaMarín/Documents/mpv-pp/mpv/lua-settings/stats.conf'
[   0.020][d][stats] lua-settings/stats.conf not found.
[   0.020][d][cplayer] Run command: enable-section, flags=64, args=[name="input_forced_positioning", flags="allow-hide-cursor+allow-vo-dragging"]
[   0.020][d][osc] reading options for osc
[   0.021][d][global] config path: 'script-opts/osc.conf' -/-> 'C:\Users\PabloRaúlPeñaMarín\AppData\Roaming/mpv/script-opts/osc.conf'
[   0.021][d][global] config path: 'script-opts/osc.conf' -/-> 'C:/Users/PabloRaúlPeñaMarín/Documents/mpv-pp/script-opts/osc.conf'
[   0.021][d][global] config path: 'script-opts/osc.conf' -/-> 'C:/Users/PabloRaúlPeñaMarín/Documents/mpv-pp/mpv/script-opts/osc.conf'
[   0.021][d][osc] script-opts/osc.conf not found.
[   0.021][d][cplayer] Run command: define-section, flags=64, args=[name="input_stats", contents="", flags="default"]
[   0.021][d][cplayer] Run command: enable-section, flags=64, args=[name="input_stats", flags="allow-hide-cursor+allow-vo-dragging"]
[   0.021][d][cplayer] Run command: define-section, flags=64, args=[name="input_forced_stats", contents="", flags="force"]
[   0.021][d][cplayer] Run command: enable-section, flags=64, args=[name="input_forced_stats", flags="allow-hide-cursor+allow-vo-dragging"]
[   0.021][d][global] config path: 'lua-settings/osc.conf' -/-> 'C:\Users\PabloRaúlPeñaMarín\AppData\Roaming/mpv/lua-settings/osc.conf'
[   0.021][d][global] config path: 'lua-settings/osc.conf' -/-> 'C:/Users/PabloRaúlPeñaMarín/Documents/mpv-pp/lua-settings/osc.conf'
[   0.021][d][global] config path: 'lua-settings/osc.conf' -/-> 'C:/Users/PabloRaúlPeñaMarín/Documents/mpv-pp/mpv/lua-settings/osc.conf'
[   0.021][d][osc] lua-settings/osc.conf not found.
[   0.021][v][cplayer] Set property: user-data/osc/visibility="auto" -> 1
[   0.021][d][cplayer] Run command: disable-section, flags=64, args=[name="input"]
[   0.021][d][cplayer] Run command: disable-section, flags=64, args=[name="window-controls"]
[   0.021][v][cplayer] Set property: user-data/osc/margins={"b":0,"l":0,"t":0,"r":0} -> 1
[   0.021][v][cplayer] Done loading scripts.
[   0.022][d][global] state path: 'watch_later' -> 'C:\Users\PabloRaúlPeñaMarín\AppData\Local/mpv/watch_later'
[   0.022][v][cplayer] Running hook: auto_profiles/on_before_start_file
[   0.022][v][cplayer] Failed sending hook command auto_profiles/on_before_start_file. Removing hook.
[   0.023][d][global] state path: 'watch_later' -> 'C:\Users\PabloRaúlPeñaMarín\AppData\Local/mpv/watch_later'
[   0.023][v][cplayer] Running hook: auto_profiles/on_load
[   0.023][v][cplayer] Failed sending hook command auto_profiles/on_load. Removing hook.
[   0.023][v][cplayer] Running hook: ytdl_hook/on_load
[   0.023][v][ytdl_hook] URL matches included substring ^%w+%.youtube%.com/. Trying ytdl first.
[   0.023][v][ytdl_hook] Video disabled. Only using audio
[   0.023][v][cplayer] Set property: user-data/osc/margins={"b":0,"l":0,"t":0,"r":0} -> 1
[   0.023][d][osc] osc_init
[   0.023][d][global] config path: 'C:/Users/PabloRaúlPeñaMarín/Documents/Code/lofi-focus-app/venv/Scripts/yt-dlp.exe' -> 'C:/Users/PabloRaúlPeñaMarín/Documents/Code/lofi-focus-app/venv/Scripts/yt-dlp.exe'
[   0.024][v][ytdl_hook] Found youtube-dl at: C:/Users/PabloRaúlPeñaMarín/Documents/Code/lofi-focus-app/venv/Scripts/yt-dlp.exe
[   0.024][d][cplayer] Run command: subprocess, flags=64, args=[args="C:/Users/PabloRaúlPeñaMarín/Documents/Code/lofi-focus-app/venv/Scripts/yt-dlp.exe,--no-warnings,-J,--flat-playlist,--sub-format,ass/srt/best,--format,bestaudio/best,--sub-langs,all,--write-srt,--no-playlist,--,https://www.youtube.com/watch?v=jfKfPfyJRdk", playback_only="yes", capture_size="67108864", capture_stdout="yes", capture_stderr="yes", detach="no", env="", stdin_data="", passthrough_stdin="no"]
[   0.024][v][ytdl_hook] Starting subprocess: [C:/Users/PabloRaúlPeñaMarín/Documents/Code/lofi-focus-app/venv/Scripts/yt-dlp.exe, --no-warnings, -J, --flat-playlist, --sub-format, ass/srt/best, --format, bestaudio/best, --sub-langs, all, --write-srt, --no-playlist, --, https://www.youtube.com/watch?v=jfKfPfyJRdk]
[   0.024][v][cplayer] Set property: user-data/osc/margins={"b":0,"l":0,"t":0,"r":0} -> 1
[   0.024][d][global] config path: 'fonts' -/-> 'C:\Users\PabloRaúlPeñaMarín\AppData\Roaming/mpv/fonts'
[   0.024][d][global] config path: 'fonts' -/-> 'C:/Users/PabloRaúlPeñaMarín/Documents/mpv-pp/fonts'
[   0.024][d][global] config path: 'fonts' -/-> 'C:/Users/PabloRaúlPeñaMarín/Documents/mpv-pp/mpv/fonts'
[   0.024][d][osd/libass] ASS library version: 0x1704000 (runtime 0x1704000)
[   0.024][v][osd/libass] libass API version: 0x1704000
[   0.024][v][osd/libass] libass source: meson, commit: 0.17.4-9-g26217e013000df94ff017b175834ab328ce1fa31
[   0.025][v][osd/libass] Shaper: FriBidi 1.0.16 (SIMPLE) HarfBuzz-ng 11.2.1 (COMPLEX)
[   0.025][d][global] config path: 'subfont.ttf' -/-> 'C:\Users\PabloRaúlPeñaMarín\AppData\Roaming/mpv/subfont.ttf'
[   0.025][d][global] config path: 'subfont.ttf' -/-> 'C:/Users/PabloRaúlPeñaMarín/Documents/mpv-pp/subfont.ttf'
[   0.025][d][global] config path: 'subfont.ttf' -/-> 'C:/Users/PabloRaúlPeñaMarín/Documents/mpv-pp/mpv/subfont.ttf'
[   0.025][d][global] config path: 'fonts.conf' -/-> 'C:\Users\PabloRaúlPeñaMarín\AppData\Roaming/mpv/fonts.conf'
[   0.025][d][global] config path: 'fonts.conf' -/-> 'C:/Users/PabloRaúlPeñaMarín/Documents/mpv-pp/fonts.conf'
[   0.025][d][global] config path: 'fonts.conf' -/-> 'C:/Users/PabloRaúlPeñaMarín/Documents/mpv-pp/mpv/fonts.conf'
[   0.025][v][osd/libass] Setting up fonts...
[   0.026][v][osd/libass] Using font provider directwrite (with GDI)
[   0.026][v][osd/libass] Done.
[   0.026][d][cplayer] Run command: define-section, flags=64, args=[name="input_osc", contents="", flags="default"]
[   0.026][d][cplayer] Run command: enable-section, flags=64, args=[name="input_osc", flags="allow-hide-cursor+allow-vo-dragging"]
[   0.027][d][cplayer] Run command: define-section, flags=64, args=[name="input_forced_osc", contents="", flags="force"]
[   0.027][d][cplayer] Run command: enable-section, flags=64, args=[name="input_forced_osc", flags="allow-hide-cursor+allow-vo-dragging"]
